mode: set
github.com/gusmin/gate/pkg/commands/commands.go:18.73,31.2 3 1
github.com/gusmin/gate/pkg/commands/commands.go:35.55,36.15 1 1
github.com/gusmin/gate/pkg/commands/commands.go:40.2,42.20 3 1
github.com/gusmin/gate/pkg/commands/commands.go:46.2,48.25 2 1
github.com/gusmin/gate/pkg/commands/commands.go:36.15,38.3 1 1
github.com/gusmin/gate/pkg/commands/commands.go:42.20,44.3 1 1
github.com/gusmin/gate/pkg/commands/connect.go:21.66,28.55 1 1
github.com/gusmin/gate/pkg/commands/connect.go:28.55,30.4 1 0
github.com/gusmin/gate/pkg/commands/connect.go:34.121,37.29 2 1
github.com/gusmin/gate/pkg/commands/connect.go:42.2,42.36 1 1
github.com/gusmin/gate/pkg/commands/connect.go:47.2,48.16 2 0
github.com/gusmin/gate/pkg/commands/connect.go:51.2,60.16 3 0
github.com/gusmin/gate/pkg/commands/connect.go:63.2,67.16 3 0
github.com/gusmin/gate/pkg/commands/connect.go:70.2,81.16 6 0
github.com/gusmin/gate/pkg/commands/connect.go:84.2,88.16 3 0
github.com/gusmin/gate/pkg/commands/connect.go:91.2,94.16 3 0
github.com/gusmin/gate/pkg/commands/connect.go:97.2,102.16 4 0
github.com/gusmin/gate/pkg/commands/connect.go:106.2,116.16 4 0
github.com/gusmin/gate/pkg/commands/connect.go:121.2,122.16 2 0
github.com/gusmin/gate/pkg/commands/connect.go:127.2,128.16 2 0
github.com/gusmin/gate/pkg/commands/connect.go:133.2,133.20 1 0
github.com/gusmin/gate/pkg/commands/connect.go:37.29,38.28 1 0
github.com/gusmin/gate/pkg/commands/connect.go:38.28,40.4 1 0
github.com/gusmin/gate/pkg/commands/connect.go:42.36,44.3 1 1
github.com/gusmin/gate/pkg/commands/connect.go:48.16,50.3 1 0
github.com/gusmin/gate/pkg/commands/connect.go:60.16,62.3 1 0
github.com/gusmin/gate/pkg/commands/connect.go:67.16,69.3 1 0
github.com/gusmin/gate/pkg/commands/connect.go:81.16,83.3 1 0
github.com/gusmin/gate/pkg/commands/connect.go:88.16,90.3 1 0
github.com/gusmin/gate/pkg/commands/connect.go:94.16,96.3 1 0
github.com/gusmin/gate/pkg/commands/connect.go:102.16,104.3 1 0
github.com/gusmin/gate/pkg/commands/connect.go:116.16,118.3 1 0
github.com/gusmin/gate/pkg/commands/connect.go:122.16,124.3 1 0
github.com/gusmin/gate/pkg/commands/connect.go:128.16,130.3 1 0
github.com/gusmin/gate/pkg/commands/connect.go:137.60,139.16 2 0
github.com/gusmin/gate/pkg/commands/connect.go:143.2,144.16 2 0
github.com/gusmin/gate/pkg/commands/connect.go:147.2,147.17 1 0
github.com/gusmin/gate/pkg/commands/connect.go:139.16,141.3 1 0
github.com/gusmin/gate/pkg/commands/connect.go:144.16,146.3 1 0
github.com/gusmin/gate/pkg/commands/connect.go:160.62,165.37 2 0
github.com/gusmin/gate/pkg/commands/connect.go:172.2,172.20 1 0
github.com/gusmin/gate/pkg/commands/connect.go:165.37,166.26 1 0
github.com/gusmin/gate/pkg/commands/connect.go:166.26,169.4 2 0
github.com/gusmin/gate/pkg/commands/exit.go:10.63,15.48 1 1
github.com/gusmin/gate/pkg/commands/exit.go:15.48,20.4 2 0
github.com/gusmin/gate/pkg/commands/list.go:15.63,20.48 1 1
github.com/gusmin/gate/pkg/commands/list.go:20.48,22.4 1 0
github.com/gusmin/gate/pkg/commands/list.go:30.53,45.35 5 1
github.com/gusmin/gate/pkg/commands/list.go:55.2,59.23 2 1
github.com/gusmin/gate/pkg/commands/list.go:45.35,52.3 1 1
github.com/gusmin/gate/pkg/commands/logout.go:8.65,13.48 1 1
github.com/gusmin/gate/pkg/commands/logout.go:13.48,15.4 1 0
github.com/gusmin/gate/pkg/commands/me.go:14.61,19.48 1 1
github.com/gusmin/gate/pkg/commands/me.go:19.48,21.4 1 1
github.com/gusmin/gate/pkg/commands/me.go:26.79,58.2 9 1
